2026-04-10 14:41:52 error: Error getting project: Cast to ObjectId failed for value "templates" (type string) at path "_id" for model "Project"
2026-04-10 14:41:52 error: Error getting project: Cast to ObjectId failed for value "templates" (type string) at path "_id" for model "Project"
2026-04-10 14:42:23 error: Error exporting quote: Cast to ObjectId failed for value "1" (type string) at path "_id" for model "Project"
2026-04-10 14:42:27 error: Error adjusting quote: Cast to ObjectId failed for value "1" (type string) at path "_id" for model "Project"
2026-04-10 14:42:30 error: Error adjusting quote: Cast to ObjectId failed for value "1" (type string) at path "_id" for model "Project"
2026-04-10 14:42:38 error: Error creating order: Cast to ObjectId failed for value "1" (type string) at path "_id" for model "Project"
2026-04-10 14:42:40 error: Error creating order: Cast to ObjectId failed for value "1" (type string) at path "_id" for model "Project"
2026-04-10 14:44:28 error: Error getting project: Cast to ObjectId failed for value "templates" (type string) at path "_id" for model "Project"
2026-04-10 14:44:28 error: Error getting project: Cast to ObjectId failed for value "templates" (type string) at path "_id" for model "Project"
2026-04-10 14:45:50 error: Error getting project: Cast to ObjectId failed for value "templates" (type string) at path "_id" for model "Project"
2026-04-10 14:45:50 error: Error getting project: Cast to ObjectId failed for value "templates" (type string) at path "_id" for model "Project"
2026-04-10 14:45:59 error: Error getting project: Cast to ObjectId failed for value "templates" (type string) at path "_id" for model "Project"
2026-04-10 14:45:59 error: Error getting project: Cast to ObjectId failed for value "templates" (type string) at path "_id" for model "Project"
2026-04-10 14:46:02 error: Error getting project: Cast to ObjectId failed for value "templates" (type string) at path "_id" for model "Project"
2026-04-10 14:46:02 error: Error getting project: Cast to ObjectId failed for value "templates" (type string) at path "_id" for model "Project"
2026-04-10 14:46:03 error: Error getting project: Cast to ObjectId failed for value "templates" (type string) at path "_id" for model "Project"
2026-04-10 14:46:03 error: Error getting project: Cast to ObjectId failed for value "templates" (type string) at path "_id" for model "Project"
2026-04-10 14:46:04 error: Error getting project: Cast to ObjectId failed for value "templates" (type string) at path "_id" for model "Project"
2026-04-10 14:46:04 error: Error getting project: Cast to ObjectId failed for value "templates" (type string) at path "_id" for model "Project"
2026-04-10 14:46:06 error: Error getting project: Cast to ObjectId failed for value "templates" (type string) at path "_id" for model "Project"
2026-04-10 14:46:06 error: Error getting project: Cast to ObjectId failed for value "templates" (type string) at path "_id" for model "Project"
2026-04-10 14:46:10 error: Error getting project: Cast to ObjectId failed for value "templates" (type string) at path "_id" for model "Project"
2026-04-10 14:46:10 error: Error getting project: Cast to ObjectId failed for value "templates" (type string) at path "_id" for model "Project"
2026-04-10 14:48:25 error: Error getting project: Cast to ObjectId failed for value "templates" (type string) at path "_id" for model "Project"
2026-04-10 14:48:25 error: Error getting project: Cast to ObjectId failed for value "templates" (type string) at path "_id" for model "Project"
2026-04-10 15:06:57 error: Error getting project: Cast to ObjectId failed for value "templates" (type string) at path "_id" for model "Project"
2026-04-10 15:06:57 error: Error getting project: Cast to ObjectId failed for value "templates" (type string) at path "_id" for model "Project"
2026-04-10 15:07:38 error: Error getting project: Cast to ObjectId failed for value "templates" (type string) at path "_id" for model "Project"
2026-04-10 15:07:38 error: Error getting project: Cast to ObjectId failed for value "templates" (type string) at path "_id" for model "Project"
2026-04-10 15:10:01 error: Error getting project: Cast to ObjectId failed for value "templates" (type string) at path "_id" for model "Project"
2026-04-10 15:10:01 error: Error getting project: Cast to ObjectId failed for value "templates" (type string) at path "_id" for model "Project"
2026-04-10 15:11:05 error: Error getting project: Cast to ObjectId failed for value "templates" (type string) at path "_id" for model "Project"
2026-04-10 15:11:05 error: Error getting project: Cast to ObjectId failed for value "templates" (type string) at path "_id" for model "Project"
2026-04-10 15:11:23 error: Error getting project: Cast to ObjectId failed for value "templates" (type string) at path "_id" for model "Project"
2026-04-10 15:11:23 error: Error getting project: Cast to ObjectId failed for value "templates" (type string) at path "_id" for model "Project"
2026-04-10 15:11:31 error: Error getting project: Cast to ObjectId failed for value "templates" (type string) at path "_id" for model "Project"
2026-04-10 15:11:31 error: Error getting project: Cast to ObjectId failed for value "templates" (type string) at path "_id" for model "Project"
2026-04-10 15:17:48 error: Error getting project: Cast to ObjectId failed for value "templates" (type string) at path "_id" for model "Project"
2026-04-10 15:17:48 error: Error getting project: Cast to ObjectId failed for value "templates" (type string) at path "_id" for model "Project"
2026-04-14 10:31:25 error: Error getting project: Cast to ObjectId failed for value "templates" (type string) at path "_id" for model "Project"
2026-04-14 10:31:25 error: Error getting project: Cast to ObjectId failed for value "templates" (type string) at path "_id" for model "Project"
2026-04-14 10:31:33 error: Error getting project: Cast to ObjectId failed for value "templates" (type string) at path "_id" for model "Project"
2026-04-14 10:31:33 error: Error getting project: Cast to ObjectId failed for value "templates" (type string) at path "_id" for model "Project"
2026-04-14 10:48:48 error: Error getting project: Cast to ObjectId failed for value "templates" (type string) at path "_id" for model "Project"
2026-04-14 10:48:48 error: Error getting project: Cast to ObjectId failed for value "templates" (type string) at path "_id" for model "Project"
2026-04-14 10:49:33 error: Error getting project: Cast to ObjectId failed for value "templates" (type string) at path "_id" for model "Project"
2026-04-14 10:49:33 error: Error getting project: Cast to ObjectId failed for value "templates" (type string) at path "_id" for model "Project"
2026-04-14 10:49:53 error: Error getting project: Cast to ObjectId failed for value "templates" (type string) at path "_id" for model "Project"
2026-04-14 10:49:53 error: Error getting project: Cast to ObjectId failed for value "templates" (type string) at path "_id" for model "Project"
2026-04-14 10:52:02 error: Error getting project: Cast to ObjectId failed for value "templates" (type string) at path "_id" for model "Project"
2026-04-14 10:52:02 error: Error getting project: Cast to ObjectId failed for value "templates" (type string) at path "_id" for model "Project"
2026-04-14 10:53:10 error: Error getting project: Cast to ObjectId failed for value "templates" (type string) at path "_id" for model "Project"
2026-04-14 10:53:10 error: Error getting project: Cast to ObjectId failed for value "templates" (type string) at path "_id" for model "Project"
2026-04-14 10:53:30 error: Error getting project: Cast to ObjectId failed for value "templates" (type string) at path "_id" for model "Project"
2026-04-14 10:53:30 error: Error getting project: Cast to ObjectId failed for value "templates" (type string) at path "_id" for model "Project"
2026-04-14 10:55:39 error: Error getting project: Cast to ObjectId failed for value "templates" (type string) at path "_id" for model "Project"
2026-04-14 10:55:39 error: Error getting project: Cast to ObjectId failed for value "templates" (type string) at path "_id" for model "Project"
2026-04-14 10:55:57 error: Error getting project: Cast to ObjectId failed for value "templates" (type string) at path "_id" for model "Project"
2026-04-14 10:55:57 error: Error getting project: Cast to ObjectId failed for value "templates" (type string) at path "_id" for model "Project"
2026-04-14 10:56:34 error: Error getting project: Cast to ObjectId failed for value "templates" (type string) at path "_id" for model "Project"
2026-04-14 10:56:34 error: Error getting project: Cast to ObjectId failed for value "templates" (type string) at path "_id" for model "Project"
2026-04-14 10:56:59 error: Error getting project: Cast to ObjectId failed for value "templates" (type string) at path "_id" for model "Project"
2026-04-14 10:56:59 error: Error getting project: Cast to ObjectId failed for value "templates" (type string) at path "_id" for model "Project"
2026-04-14 10:57:56 error: Error getting project: Cast to ObjectId failed for value "templates" (type string) at path "_id" for model "Project"
2026-04-14 10:57:56 error: Error getting project: Cast to ObjectId failed for value "templates" (type string) at path "_id" for model "Project"
2026-04-14 11:04:46 error: Error getting project: Cast to ObjectId failed for value "templates" (type string) at path "_id" for model "Project"
2026-04-14 11:04:46 error: Error getting project: Cast to ObjectId failed for value "templates" (type string) at path "_id" for model "Project"
2026-04-14 11:05:29 error: Error getting project: Cast to ObjectId failed for value "templates" (type string) at path "_id" for model "Project"
2026-04-14 11:05:29 error: Error getting project: Cast to ObjectId failed for value "templates" (type string) at path "_id" for model "Project"
2026-04-14 11:05:58 error: Error getting project: Cast to ObjectId failed for value "templates" (type string) at path "_id" for model "Project"
2026-04-14 11:05:58 error: Error getting project: Cast to ObjectId failed for value "templates" (type string) at path "_id" for model "Project"
2026-04-14 11:06:04 error: Error getting project: Cast to ObjectId failed for value "templates" (type string) at path "_id" for model "Project"
2026-04-14 11:06:04 error: Error getting project: Cast to ObjectId failed for value "templates" (type string) at path "_id" for model "Project"
2026-04-14 11:08:01 error: Error getting project: Cast to ObjectId failed for value "templates" (type string) at path "_id" for model "Project"
2026-04-14 11:08:01 error: Error getting project: Cast to ObjectId failed for value "templates" (type string) at path "_id" for model "Project"
2026-04-15 09:01:56 error: Error connecting to MongoDB: connect ECONNREFUSED ::1:27017, connect ECONNREFUSED 127.0.0.1:27017
2026-04-15 09:50:32 error: Error getting customer: Cast to ObjectId failed for value "generate-id" (type string) at path "_id" for model "Customer"
2026-04-15 09:50:56 error: Error getting customer: Cast to ObjectId failed for value "generate-id" (type string) at path "_id" for model "Customer"
2026-04-15 09:53:34 error: Error getting customer: Cast to ObjectId failed for value "generate-id" (type string) at path "_id" for model "Customer"
2026-04-15 09:53:42 error: Error creating customer: Customer validation failed: customerId: Path `customerId` is required.
2026-04-15 09:53:50 error: Error creating customer: Customer validation failed: customerId: Path `customerId` is required., phone: Path `phone` is required.
2026-04-15 09:53:54 error: Error creating customer: Customer validation failed: customerId: Path `customerId` is required.
2026-04-15 09:55:56 error: Error getting customer: Cast to ObjectId failed for value "generate-id" (type string) at path "_id" for model "Customer"
2026-04-15 09:55:59 error: Error creating customer: Customer validation failed: customerId: Path `customerId` is required.
2026-04-15 09:56:28 error: Error creating customer: Customer validation failed: customerId: Path `customerId` is required.
2026-04-15 09:57:23 error: Error getting customer: Cast to ObjectId failed for value "generate-id" (type string) at path "_id" for model "Customer"
2026-04-15 10:00:38 error: Error getting customer: Cast to ObjectId failed for value "generate-id" (type string) at path "_id" for model "Customer"
2026-04-15 10:00:49 error: Error creating customer: E11000 duplicate key error collection: custom-fabric.customers index: customerId_1 dup key: { customerId: null }
2026-04-15 10:00:54 error: Error getting customer: Cast to ObjectId failed for value "generate-id" (type string) at path "_id" for model "Customer"
2026-04-15 10:01:02 error: Error creating customer: E11000 duplicate key error collection: custom-fabric.customers index: customerId_1 dup key: { customerId: null }
